<?xml version="1.0" encoding="UTF-8"?>
<testng-results skipped="0" failed="0" ignored="0" total="1" passed="1">
  <reporter-output>
  </reporter-output>
  <suite name="Default suite" duration-ms="6409" started-at="2020-06-16T16:59:52 ICT" finished-at="2020-06-16T16:59:58 ICT">
    <groups>
    </groups>
    <test name="Default test" duration-ms="6409" started-at="2020-06-16T16:59:52 ICT" finished-at="2020-06-16T16:59:58 ICT">
      <class name="poly.test.login">
        <test-method status="PASS" signature="launchBrowser()[pri:0, instance:poly.test.login@646007f4]" name="launchBrowser" is-config="true" duration-ms="5866" started-at="2020-06-16T16:59:52 ICT" finished-at="2020-06-16T16:59:58 ICT">
          <reporter-output>
          </reporter-output>
        </test-method> <!-- launchBrowser -->
        <test-method status="PASS" signature="checkTitle()[pri:0, instance:poly.test.login@646007f4]" name="checkTitle" duration-ms="236" started-at="2020-06-16T16:59:58 ICT" finished-at="2020-06-16T16:59:58 ICT">
          <reporter-output>
          </reporter-output>
        </test-method> <!-- checkTitle -->
        <test-method status="PASS" signature="closeBrowser()[pri:0, instance:poly.test.login@646007f4]" name="closeBrowser" is-config="true" duration-ms="247" started-at="2020-06-16T16:59:58 ICT" finished-at="2020-06-16T16:59:58 ICT">
          <reporter-output>
          </reporter-output>
        </test-method> <!-- closeBrowser -->
      </class> <!-- poly.test.login -->
    </test> <!-- Default test -->
  </suite> <!-- Default suite -->
</testng-results>
